[2017-06-05 11:01:47,793] INFO [Group Metadata Manager on Broker 0]: Removed 0 expired offsets in 0 milliseconds. (kafka.coordinator.GroupMetadataManager)
[2017-06-05 11:11:47,792] INFO [Group Metadata Manager on Broker 0]: Removed 0 expired offsets in 0 milliseconds. (kafka.coordinator.GroupMetadataManager)
[2017-06-05 11:21:47,792] INFO [Group Metadata Manager on Broker 0]: Removed 0 expired offsets in 0 milliseconds. (kafka.coordinator.GroupMetadataManager)
[2017-06-05 11:31:47,792] INFO [Group Metadata Manager on Broker 0]: Removed 0 expired offsets in 0 milliseconds. (kafka.coordinator.GroupMetadataManager)
[2017-06-05 11:41:47,792] INFO [Group Metadata Manager on Broker 0]: Removed 0 expired offsets in 0 milliseconds. (kafka.coordinator.GroupMetadataManager)
[2017-06-05 11:51:47,792] INFO [Group Metadata Manager on Broker 0]: Removed 0 expired offsets in 0 milliseconds. (kafka.coordinator.GroupMetadataManager)
[2017-06-05 11:53:19,675] INFO [Kafka Server 0], shutting down (kafka.server.KafkaServer)
[2017-06-05 11:53:19,735] INFO [Kafka Server 0], Starting controlled shutdown (kafka.server.KafkaServer)
[2017-06-05 11:53:20,005] INFO [Kafka Server 0], Controlled shutdown succeeded (kafka.server.KafkaServer)
[2017-06-05 11:53:20,007] INFO [Socket Server on Broker 0], Shutting down (kafka.network.SocketServer)
[2017-06-05 11:53:20,041] INFO [Socket Server on Broker 0], Shutdown completed (kafka.network.SocketServer)
[2017-06-05 11:53:20,042] INFO [Kafka Request Handler on Broker 0], shutting down (kafka.server.KafkaRequestHandlerPool)
[2017-06-05 11:53:20,063] INFO [Kafka Request Handler on Broker 0], shut down completely (kafka.server.KafkaRequestHandlerPool)
[2017-06-05 11:53:20,067] INFO [ThrottledRequestReaper-Produce], Shutting down (kafka.server.ClientQuotaManager$ThrottledRequestReaper)
[2017-06-05 11:53:20,391] INFO [ThrottledRequestReaper-Produce], Stopped  (kafka.server.ClientQuotaManager$ThrottledRequestReaper)
[2017-06-05 11:53:20,392] INFO [ThrottledRequestReaper-Produce], Shutdown completed (kafka.server.ClientQuotaManager$ThrottledRequestReaper)
[2017-06-05 11:53:20,392] INFO [ThrottledRequestReaper-Fetch], Shutting down (kafka.server.ClientQuotaManager$ThrottledRequestReaper)
[2017-06-05 11:53:20,515] INFO [ThrottledRequestReaper-Fetch], Stopped  (kafka.server.ClientQuotaManager$ThrottledRequestReaper)
[2017-06-05 11:53:20,516] INFO [ThrottledRequestReaper-Fetch], Shutdown completed (kafka.server.ClientQuotaManager$ThrottledRequestReaper)
[2017-06-05 11:53:20,517] INFO [KafkaApi-0] Shutdown complete. (kafka.server.KafkaApis)
[2017-06-05 11:53:20,518] INFO [Replica Manager on Broker 0]: Shutting down (kafka.server.ReplicaManager)
[2017-06-05 11:53:20,518] INFO [ReplicaFetcherManager on broker 0] shutting down (kafka.server.ReplicaFetcherManager)
[2017-06-05 11:53:20,519] INFO [ReplicaFetcherManager on broker 0] shutdown completed (kafka.server.ReplicaFetcherManager)
[2017-06-05 11:53:20,519] INFO [ExpirationReaper-0], Shutting down (kafka.server.DelayedOperationPurgatory$ExpiredOperationReaper)
[2017-06-05 11:53:20,695] INFO [ExpirationReaper-0], Stopped  (kafka.server.DelayedOperationPurgatory$ExpiredOperationReaper)
[2017-06-05 11:53:20,697] INFO [ExpirationReaper-0], Shutdown completed (kafka.server.DelayedOperationPurgatory$ExpiredOperationReaper)
[2017-06-05 11:53:20,697] INFO [ExpirationReaper-0], Shutting down (kafka.server.DelayedOperationPurgatory$ExpiredOperationReaper)
[2017-06-05 11:53:20,883] INFO [ExpirationReaper-0], Stopped  (kafka.server.DelayedOperationPurgatory$ExpiredOperationReaper)
[2017-06-05 11:53:20,886] INFO [ExpirationReaper-0], Shutdown completed (kafka.server.DelayedOperationPurgatory$ExpiredOperationReaper)
[2017-06-05 11:53:20,888] INFO [Replica Manager on Broker 0]: Shut down completely (kafka.server.ReplicaManager)
[2017-06-05 11:53:20,889] INFO Shutting down. (kafka.log.LogManager)
[2017-06-05 11:53:20,928] INFO Shutdown complete. (kafka.log.LogManager)
[2017-06-05 11:53:20,928] INFO [GroupCoordinator 0]: Shutting down. (kafka.coordinator.GroupCoordinator)
[2017-06-05 11:53:20,929] INFO [ExpirationReaper-0], Shutting down (kafka.server.DelayedOperationPurgatory$ExpiredOperationReaper)
[2017-06-05 11:53:20,947] INFO [ExpirationReaper-0], Stopped  (kafka.server.DelayedOperationPurgatory$ExpiredOperationReaper)
[2017-06-05 11:53:20,948] INFO [ExpirationReaper-0], Shutdown completed (kafka.server.DelayedOperationPurgatory$ExpiredOperationReaper)
[2017-06-05 11:53:20,948] INFO [ExpirationReaper-0], Shutting down (kafka.server.DelayedOperationPurgatory$ExpiredOperationReaper)
[2017-06-05 11:53:20,961] INFO [ExpirationReaper-0], Stopped  (kafka.server.DelayedOperationPurgatory$ExpiredOperationReaper)
[2017-06-05 11:53:20,963] INFO [ExpirationReaper-0], Shutdown completed (kafka.server.DelayedOperationPurgatory$ExpiredOperationReaper)
[2017-06-05 11:53:20,964] INFO [GroupCoordinator 0]: Shutdown complete. (kafka.coordinator.GroupCoordinator)
[2017-06-05 11:53:20,991] INFO Terminate ZkClient event thread. (org.I0Itec.zkclient.ZkEventThread)
[2017-06-05 11:53:21,034] INFO [Kafka Server 0], shut down completed (kafka.server.KafkaServer)
